<?xml version="1.0" encoding="UTF-8" ?>
<testsuite tests="4" failures="0" name="SessionClientTest" time="100.92" errors="0" skipped="0">
  <properties>
[...]
</properties>
  <testcase classname="SessionClientTest" name="multipleThreadSyncTest" time="20.576"/>
  <testcase classname="SessionClientTest" name="asyncRequest" time="20.12"/>
  <testcase classname="SessionClientTest" name="dynamicThreadPoll" time="40.222"/>
  <testcase classname="SessionClientTest" name="singleThreadTest" time="20.002"/>
</testsuite>